  Comp3016_30CW.cpp
C:\Users\jimto\source\repos\Comp3016_30CW\Comp3016_30CW\Comp3016_30CW.cpp(298,37): warning C4244: '=': conversion from 'float' to 'int', possible loss of data
C:\Users\jimto\source\repos\Comp3016_30CW\Comp3016_30CW\Comp3016_30CW.cpp(299,40): warning C4244: '=': conversion from 'float' to 'int', possible loss of data
C:\Users\jimto\source\repos\Comp3016_30CW\Comp3016_30CW\Comp3016_30CW.cpp(303,37): warning C4244: '=': conversion from 'float' to 'int', possible loss of data
C:\Users\jimto\source\repos\Comp3016_30CW\Comp3016_30CW\Comp3016_30CW.cpp(304,40): warning C4244: '=': conversion from 'float' to 'int', possible loss of data
C:\Users\jimto\source\repos\Comp3016_30CW\Comp3016_30CW\Comp3016_30CW.cpp(308,40): warning C4244: '=': conversion from 'float' to 'int', possible loss of data
C:\Users\jimto\source\repos\Comp3016_30CW\Comp3016_30CW\Comp3016_30CW.cpp(309,40): warning C4244: '=': conversion from 'float' to 'int', possible loss of data
C:\Users\jimto\source\repos\Comp3016_30CW\Comp3016_30CW\Comp3016_30CW.cpp(313,40): warning C4244: '=': conversion from 'float' to 'int', possible loss of data
C:\Users\jimto\source\repos\Comp3016_30CW\Comp3016_30CW\Comp3016_30CW.cpp(314,40): warning C4244: '=': conversion from 'float' to 'int', possible loss of data
C:\Users\jimto\source\repos\Comp3016_30CW\Comp3016_30CW\Comp3016_30CW.cpp(334,43): warning C4244: '=': conversion from 'int' to 'float', possible loss of data
C:\Users\jimto\source\repos\Comp3016_30CW\Comp3016_30CW\Comp3016_30CW.cpp(334,81): warning C4244: '=': conversion from 'int' to 'float', possible loss of data
C:\Users\jimto\source\repos\Comp3016_30CW\Comp3016_30CW\Comp3016_30CW.cpp(384,44): warning C4244: '=': conversion from 'int' to 'float', possible loss of data
C:\Users\jimto\source\repos\Comp3016_30CW\Comp3016_30CW\Comp3016_30CW.cpp(403,29): warning C4244: '=': conversion from 'int' to 'float', possible loss of data
C:\Users\jimto\source\repos\Comp3016_30CW\Comp3016_30CW\Comp3016_30CW.cpp(430,29): warning C4244: '=': conversion from 'int' to 'float', possible loss of data
C:\Users\jimto\source\repos\Comp3016_30CW\Comp3016_30CW\Comp3016_30CW.cpp(460,37): warning C4244: '=': conversion from 'float' to 'int', possible loss of data
C:\Users\jimto\source\repos\Comp3016_30CW\Comp3016_30CW\Comp3016_30CW.cpp(461,40): warning C4244: '=': conversion from 'float' to 'int', possible loss of data
C:\Users\jimto\source\repos\Comp3016_30CW\Comp3016_30CW\Comp3016_30CW.cpp(464,37): warning C4244: '=': conversion from 'float' to 'int', possible loss of data
C:\Users\jimto\source\repos\Comp3016_30CW\Comp3016_30CW\Comp3016_30CW.cpp(465,40): warning C4244: '=': conversion from 'float' to 'int', possible loss of data
C:\Users\jimto\source\repos\Comp3016_30CW\Comp3016_30CW\Comp3016_30CW.cpp(468,40): warning C4244: '=': conversion from 'float' to 'int', possible loss of data
C:\Users\jimto\source\repos\Comp3016_30CW\Comp3016_30CW\Comp3016_30CW.cpp(469,40): warning C4244: '=': conversion from 'float' to 'int', possible loss of data
C:\Users\jimto\source\repos\Comp3016_30CW\Comp3016_30CW\Comp3016_30CW.cpp(472,40): warning C4244: '=': conversion from 'float' to 'int', possible loss of data
C:\Users\jimto\source\repos\Comp3016_30CW\Comp3016_30CW\Comp3016_30CW.cpp(473,40): warning C4244: '=': conversion from 'float' to 'int', possible loss of data
C:\Users\jimto\source\repos\Comp3016_30CW\Comp3016_30CW\Comp3016_30CW.cpp(659,33): warning C4244: '=': conversion from 'int' to 'float', possible loss of data
C:\Users\jimto\source\repos\Comp3016_30CW\Comp3016_30CW\Comp3016_30CW.cpp(683,33): warning C4244: '=': conversion from 'int' to 'float', possible loss of data
C:\Users\jimto\source\repos\Comp3016_30CW\Comp3016_30CW\Comp3016_30CW.cpp(949,57): warning C4244: '=': conversion from 'int' to 'float', possible loss of data
C:\Users\jimto\source\repos\Comp3016_30CW\Comp3016_30CW\Comp3016_30CW.cpp(1030,59): warning C4244: 'argument': conversion from 'float' to 'Uint8', possible loss of data
C:\Users\jimto\source\repos\Comp3016_30CW\Comp3016_30CW\Comp3016_30CW.cpp(1034,65): warning C4244: 'argument': conversion from 'float' to 'Uint8', possible loss of data
  LINK : C:\Users\jimto\source\repos\Comp3016_30CW\x64\Debug\Comp3016_30CW.exe not found or not built by the last incremental link; performing full link
  Comp3016_30CW.vcxproj -> C:\Users\jimto\source\repos\Comp3016_30CW\x64\Debug\Comp3016_30CW.exe
  0 File(s) copied
  0 File(s) copied
